<?xml version="1.0" encoding="UTF-8"?>
<!-- Generated by org.testng.reporters.JUnitReportReporter -->
<testsuite hostname="Aman" name="Academy.QuaterlySubscriptionTest" tests="2" failures="0" timestamp="4 Apr 2021 01:41:21 GMT" time="13.782" errors="0">
  <testcase name="SetupMethod" time="5.975" classname="Academy.QuaterlySubscriptionTest"/>
  <testcase name="quarterlySubscriptionTest" time="7.807" classname="Academy.QuaterlySubscriptionTest"/>
</testsuite> <!-- Academy.QuaterlySubscriptionTest -->
