<?xml version="1.0" encoding="UTF-8"?>
<!-- Generated by org.testng.reporters.JUnitReportReporter -->
<testsuite hostname="Aman" name="Academy.HomePage" tests="1" failures="0" timestamp="2 Apr 2021 17:49:51 GMT" time="13.459" errors="0">
  <testcase name="basePageNavigation" time="13.459" classname="Academy.HomePage"/>
</testsuite> <!-- Academy.HomePage -->
