<?xml version="1.0" encoding="UTF-8"?>
<!-- Generated by org.testng.reporters.JUnitReportReporter -->
<testsuite hostname="Aman" name="Academy.HalfYearlySubscriptionTest" tests="2" failures="0" timestamp="4 Apr 2021 01:41:21 GMT" time="12.129" errors="0">
  <testcase name="halfYearlySubscriptionTest" time="8.236" classname="Academy.HalfYearlySubscriptionTest"/>
  <testcase name="SetupMethod" time="3.893" classname="Academy.HalfYearlySubscriptionTest"/>
</testsuite> <!-- Academy.HalfYearlySubscriptionTest -->
