<?xml version="1.0" encoding="UTF-8"?>
<!-- Generated by org.testng.reporters.JUnitReportReporter -->
<testsuite hostname="Aman" name="Academy.MonthlySubscriptionTest" tests="2" failures="0" timestamp="4 Apr 2021 01:41:21 GMT" time="8.173" errors="0">
  <testcase name="monthlySubscriptionTest" time="3.591" classname="Academy.MonthlySubscriptionTest"/>
  <testcase name="SetupMethod" time="4.582" classname="Academy.MonthlySubscriptionTest"/>
</testsuite> <!-- Academy.MonthlySubscriptionTest -->
